<?xml version="1.0" encoding="UTF-8"?>
<testsuite name="com.intuit.home.repository.PayeeRepositoryTest" tests="1" skipped="0" failures="0" errors="0" timestamp="2021-02-28T06:50:21" hostname="oleg-vb-bionic" time="0.022">
  <properties/>
  <testcase name="testNotNull()" classname="com.intuit.home.repository.PayeeRepositoryTest" time="0.022"/>
  <system-out><![CDATA[2021-02-28 08:50:20.603  INFO 2253 --- [    Test worker] b.t.a.o.j.DataJpaTestContextBootstrapper : Neither @ContextConfiguration nor @ContextHierarchy found for test class [com.intuit.home.repository.PayeeRepositoryTest], using SpringBootContextLoader
2021-02-28 08:50:20.604  INFO 2253 --- [    Test worker] o.s.t.c.s.AbstractContextLoader          : Could not detect default resource locations for test class [com.intuit.home.repository.PayeeRepositoryTest]: no resource found for suffixes {-context.xml, Context.groovy}.
2021-02-28 08:50:20.604  INFO 2253 --- [    Test worker] t.c.s.AnnotationConfigContextLoaderUtils : Could not detect default configuration classes for test class [com.intuit.home.repository.PayeeRepositoryTest]: PayeeRepositoryTest does not declare any static, non-private, non-final, nested classes annotated with @Configuration.
2021-02-28 08:50:20.610  INFO 2253 --- [    Test worker] .b.t.c.SpringBootTestContextBootstrapper : Found @SpringBootConfiguration com.intuit.home.RiskEngineMain for test class com.intuit.home.repository.PayeeRepositoryTest
2021-02-28 08:50:20.611  INFO 2253 --- [    Test worker] b.t.a.o.j.DataJpaTestContextBootstrapper : Loaded default TestExecutionListener class names from location [META-INF/spring.factories]: [org.springframework.boot.test.autoconfigure.restdocs.RestDocsTestExecutionListener, org.springframework.boot.test.autoconfigure.web.client.MockRestServiceServerResetTestExecutionListener, org.springframework.boot.test.autoconfigure.web.servlet.MockMvcPrintOnlyOnFailureTestExecutionListener, org.springframework.boot.test.autoconfigure.web.servlet.WebDriverTestExecutionListener, org.springframework.boot.test.autoconfigure.webservices.client.MockWebServiceServerTestExecutionListener, org.springframework.boot.test.mock.mockito.MockitoTestExecutionListener, org.springframework.boot.test.mock.mockito.ResetMocksTestExecutionListener, org.springframework.test.context.web.ServletTestExecutionListener, org.springframework.test.context.support.DirtiesContextBeforeModesTestExecutionListener, org.springframework.test.context.event.ApplicationEventsTestExecutionListener, org.springframework.test.context.support.DependencyInjectionTestExecutionListener, org.springframework.test.context.support.DirtiesContextTestExecutionListener, org.springframework.test.context.transaction.TransactionalTestExecutionListener, org.springframework.test.context.jdbc.SqlScriptsTestExecutionListener, org.springframework.test.context.event.EventPublishingTestExecutionListener]
2021-02-28 08:50:20.613  INFO 2253 --- [    Test worker] b.t.a.o.j.DataJpaTestContextBootstrapper : Using TestExecutionListeners: [org.springframework.test.context.web.ServletTestExecutionListener@6185760a, org.springframework.test.context.support.DirtiesContextBeforeModesTestExecutionListener@1ea04896, org.springframework.test.context.event.ApplicationEventsTestExecutionListener@3243266f, org.springframework.boot.test.mock.mockito.MockitoTestExecutionListener@34879c62, org.springframework.boot.test.autoconfigure.SpringBootDependencyInjectionTestExecutionListener@7e7899de, org.springframework.test.context.support.DirtiesContextTestExecutionListener@62008a7f, org.springframework.test.context.transaction.TransactionalTestExecutionListener@495bb80e, org.springframework.test.context.jdbc.SqlScriptsTestExecutionListener@41b749cb, org.springframework.test.context.event.EventPublishingTestExecutionListener@7bbb9e4a, org.springframework.boot.test.autoconfigure.restdocs.RestDocsTestExecutionListener@1d0ea030, org.springframework.boot.test.autoconfigure.web.client.MockRestServiceServerResetTestExecutionListener@981f057, org.springframework.boot.test.autoconfigure.web.servlet.MockMvcPrintOnlyOnFailureTestExecutionListener@728319bd, org.springframework.boot.test.autoconfigure.web.servlet.WebDriverTestExecutionListener@55ed8069, org.springframework.boot.test.autoconfigure.webservices.client.MockWebServiceServerTestExecutionListener@3d8ab5c4, org.springframework.boot.test.mock.mockito.ResetMocksTestExecutionListener@3b8fe96a]


#####  #  ####  #    #    ###### #    #  ####  # #    # ######
#    # # #      #   #     #      ##   # #    # # ##   # #
#    # #  ####  ####      #####  # #  # #      # # #  # #####
#####  #      # #  #      #      #  # # #  ### # #  # # #
#   #  # #    # #   #     #      #   ## #    # # #   ## #
#    # #  ####  #    #    ###### #    #  ####  # #    # ######


2021-02-28 08:50:20.663  INFO 2253 --- [    Test worker] c.i.h.r.PayeeRepositoryTest              : Starting PayeeRepositoryTest using Java 1.8.0_201 on oleg-vb-bionic with PID 2253 (started by oleg in /home/oleg/Downloads/intuit/riskengine)
2021-02-28 08:50:20.664 DEBUG 2253 --- [    Test worker] c.i.h.r.PayeeRepositoryTest              : Running with Spring Boot v2.4.3, Spring v5.3.4
2021-02-28 08:50:20.665  INFO 2253 --- [    Test worker] c.i.h.r.PayeeRepositoryTest              : No active profile set, falling back to default profiles: default
2021-02-28 08:50:20.836  INFO 2253 --- [    Test worker] .s.d.r.c.RepositoryConfigurationDelegate : Bootstrapping Spring Data JPA repositories in DEFAULT mode.
2021-02-28 08:50:20.858  INFO 2253 --- [    Test worker] .s.d.r.c.RepositoryConfigurationDelegate : Finished Spring Data repository scanning in 21 ms. Found 4 JPA repository interfaces.
2021-02-28 08:50:21.019  INFO 2253 --- [    Test worker] c.z.h.HikariDataSource                   : HikariPool-2 - Starting...
2021-02-28 08:50:21.076  INFO 2253 --- [    Test worker] c.z.h.HikariDataSource                   : HikariPool-2 - Start completed.
2021-02-28 08:50:21.162  INFO 2253 --- [    Test worker] o.h.j.i.u.LogHelper                      : HHH000204: Processing PersistenceUnitInfo [name: default]
2021-02-28 08:50:21.174  INFO 2253 --- [    Test worker] o.h.d.Dialect                            : HHH000400: Using dialect: org.hibernate.dialect.MySQL5Dialect
2021-02-28 08:50:21.395  INFO 2253 --- [    Test worker] o.h.e.t.j.p.i.JtaPlatformInitiator       : HHH000490: Using JtaPlatform implementation: [org.hibernate.engine.transaction.jta.platform.internal.NoJtaPlatform]
2021-02-28 08:50:21.397  INFO 2253 --- [    Test worker] j.LocalContainerEntityManagerFactoryBean : Initialized JPA EntityManagerFactory for persistence unit 'default'
2021-02-28 08:50:21.737  INFO 2253 --- [    Test worker] c.i.h.r.PayeeRepositoryTest              : Started PayeeRepositoryTest in 1.118 seconds (JVM running for 38.517)
2021-02-28 08:50:21.751  INFO 2253 --- [    Test worker] o.s.t.c.t.TransactionContext             : Began transaction (1) for test context [DefaultTestContext@36295be5 testClass = PayeeRepositoryTest, testInstance = com.intuit.home.repository.PayeeRepositoryTest@6c70dc47, testMethod = testNotNull@PayeeRepositoryTest, testException = [null], mergedContextConfiguration = [MergedContextConfiguration@324647 testClass = PayeeRepositoryTest, locations = '{}', classes = '{class com.intuit.home.RiskEngineMain}', contextInitializerClasses = '[]', activeProfiles = '{}', propertySourceLocations = '{}', propertySourceProperties = '{org.springframework.boot.test.autoconfigure.orm.jpa.DataJpaTestContextBootstrapper=true}', contextCustomizers = set[org.springframework.boot.test.autoconfigure.OverrideAutoConfigurationContextCustomizerFactory$DisableAutoConfigurationContextCustomizer@7d52699, org.springframework.boot.test.autoconfigure.actuate.metrics.MetricsExportContextCustomizerFactory$DisableMetricExportContextCustomizer@6ad5a611, org.springframework.boot.test.autoconfigure.filter.TypeExcludeFiltersContextCustomizer@351584c0, org.springframework.boot.test.autoconfigure.properties.PropertyMappingContextCustomizer@b9513425, org.springframework.boot.test.autoconfigure.web.servlet.WebDriverContextCustomizerFactory$Customizer@1614f836, [ImportsContextCustomizer@79a93f9 key = [org.springframework.boot.autoconfigure.cache.CacheAutoConfiguration, org.springframework.boot.autoconfigure.data.jpa.JpaRepositoriesAutoConfiguration, org.springframework.boot.autoconfigure.flyway.FlywayAutoConfiguration, org.springframework.boot.autoconfigure.jdbc.DataSourceAutoConfiguration, org.springframework.boot.autoconfigure.jdbc.DataSourceTransactionManagerAutoConfiguration, org.springframework.boot.autoconfigure.jdbc.JdbcTemplateAutoConfiguration, org.springframework.boot.autoconfigure.liquibase.LiquibaseAutoConfiguration, org.springframework.boot.autoconfigure.orm.jpa.HibernateJpaAutoConfiguration, org.springframework.boot.autoconfigure.transaction.TransactionAutoConfiguration, org.springframework.boot.test.autoconfigure.jdbc.TestDatabaseAutoConfiguration, org.springframework.boot.test.autoconfigure.orm.jpa.TestEntityManagerAutoConfiguration]], org.springframework.boot.test.context.filter.ExcludeFilterContextCustomizer@151e21c1, org.springframework.boot.test.json.DuplicateJsonObjectContextCustomizerFactory$DuplicateJsonObjectContextCustomizer@766b889f, org.springframework.boot.test.mock.mockito.MockitoContextCustomizer@0, org.springframework.boot.test.context.SpringBootTestArgs@1, org.springframework.boot.test.context.SpringBootTestWebEnvironment@0], contextLoader = 'org.springframework.boot.test.context.SpringBootContextLoader', parent = [null]], attributes = map['org.springframework.test.context.event.ApplicationEventsTestExecutionListener.recordApplicationEvents' -> false]]; transaction manager [org.springframework.orm.jpa.JpaTransactionManager@660b9049]; rollback [true]
2021-02-28 08:50:21.764  INFO 2253 --- [    Test worker] o.s.t.c.t.TransactionContext             : Rolled back transaction for test: [DefaultTestContext@36295be5 testClass = PayeeRepositoryTest, testInstance = com.intuit.home.repository.PayeeRepositoryTest@6c70dc47, testMethod = testNotNull@PayeeRepositoryTest, testException = [null], mergedContextConfiguration = [MergedContextConfiguration@324647 testClass = PayeeRepositoryTest, locations = '{}', classes = '{class com.intuit.home.RiskEngineMain}', contextInitializerClasses = '[]', activeProfiles = '{}', propertySourceLocations = '{}', propertySourceProperties = '{org.springframework.boot.test.autoconfigure.orm.jpa.DataJpaTestContextBootstrapper=true}', contextCustomizers = set[org.springframework.boot.test.autoconfigure.OverrideAutoConfigurationContextCustomizerFactory$DisableAutoConfigurationContextCustomizer@7d52699, org.springframework.boot.test.autoconfigure.actuate.metrics.MetricsExportContextCustomizerFactory$DisableMetricExportContextCustomizer@6ad5a611, org.springframework.boot.test.autoconfigure.filter.TypeExcludeFiltersContextCustomizer@351584c0, org.springframework.boot.test.autoconfigure.properties.PropertyMappingContextCustomizer@b9513425, org.springframework.boot.test.autoconfigure.web.servlet.WebDriverContextCustomizerFactory$Customizer@1614f836, [ImportsContextCustomizer@79a93f9 key = [org.springframework.boot.autoconfigure.cache.CacheAutoConfiguration, org.springframework.boot.autoconfigure.data.jpa.JpaRepositoriesAutoConfiguration, org.springframework.boot.autoconfigure.flyway.FlywayAutoConfiguration, org.springframework.boot.autoconfigure.jdbc.DataSourceAutoConfiguration, org.springframework.boot.autoconfigure.jdbc.DataSourceTransactionManagerAutoConfiguration, org.springframework.boot.autoconfigure.jdbc.JdbcTemplateAutoConfiguration, org.springframework.boot.autoconfigure.liquibase.LiquibaseAutoConfiguration, org.springframework.boot.autoconfigure.orm.jpa.HibernateJpaAutoConfiguration, org.springframework.boot.autoconfigure.transaction.TransactionAutoConfiguration, org.springframework.boot.test.autoconfigure.jdbc.TestDatabaseAutoConfiguration, org.springframework.boot.test.autoconfigure.orm.jpa.TestEntityManagerAutoConfiguration]], org.springframework.boot.test.context.filter.ExcludeFilterContextCustomizer@151e21c1, org.springframework.boot.test.json.DuplicateJsonObjectContextCustomizerFactory$DuplicateJsonObjectContextCustomizer@766b889f, org.springframework.boot.test.mock.mockito.MockitoContextCustomizer@0, org.springframework.boot.test.context.SpringBootTestArgs@1, org.springframework.boot.test.context.SpringBootTestWebEnvironment@0], contextLoader = 'org.springframework.boot.test.context.SpringBootContextLoader', parent = [null]], attributes = map['org.springframework.test.context.event.ApplicationEventsTestExecutionListener.recordApplicationEvents' -> false]]
]]></system-out>
  <system-err><![CDATA[]]></system-err>
</testsuite>
