<?xml version="1.0" encoding="UTF-8"?>
<testsuite name="com.intuit.home.entity.PaymentMethodTest" tests="5" skipped="0" failures="0" errors="0" timestamp="2021-02-28T06:49:51" hostname="oleg-vb-bionic" time="0.025">
  <properties/>
  <testcase name="getPaymentMethodId()" classname="com.intuit.home.entity.PaymentMethodTest" time="0.003"/>
  <testcase name="getBankAccount()" classname="com.intuit.home.entity.PaymentMethodTest" time="0.006"/>
  <testcase name="getPaymentMethodTypeId()" classname="com.intuit.home.entity.PaymentMethodTest" time="0.002"/>
  <testcase name="getPayerId()" classname="com.intuit.home.entity.PaymentMethodTest" time="0.001"/>
  <testcase name="toString1()" classname="com.intuit.home.entity.PaymentMethodTest" time="0.003"/>
  <system-out><![CDATA[]]></system-out>
  <system-err><![CDATA[]]></system-err>
</testsuite>
