<?xml version="1.0" encoding="UTF-8"?>
<testsuite name="com.intuit.home.entity.CurrencyTest" tests="3" skipped="0" failures="0" errors="0" timestamp="2021-02-28T12:32:20" hostname="oleg-vb-bionic" time="0.005">
  <properties/>
  <testcase name="getIsoName()" classname="com.intuit.home.entity.CurrencyTest" time="0.001"/>
  <testcase name="testToString()" classname="com.intuit.home.entity.CurrencyTest" time="0.001"/>
  <testcase name="getDescription()" classname="com.intuit.home.entity.CurrencyTest" time="0.001"/>
  <system-out><![CDATA[]]></system-out>
  <system-err><![CDATA[]]></system-err>
</testsuite>
