)(T14:32:22.310 [Test worker] ERROR com.intuit.home.common.RequestConverter - error {}
)(úcom.fasterxml.jackson.databind.exc.UnrecognizedPropertyException: Unrecognized field "animal" (class com.intuit.home.request.PaymentRequest), not marked as ignorable (5 known properties: "amount", "currency", "paymentMethodId", "payeeId", "userId"])
)(” at [Source: (String)"{"animal":{"name":"lacy"}}"; line: 1, column: 12] (through reference chain: com.intuit.home.request.PaymentRequest["animal"])
)(—	at com.fasterxml.jackson.databind.exc.UnrecognizedPropertyException.from(UnrecognizedPropertyException.java:61) ~[jackson-databind-2.11.4.jar:2.11.4]
)(—	at com.fasterxml.jackson.databind.DeserializationContext.handleUnknownProperty(DeserializationContext.java:855) ~[jackson-databind-2.11.4.jar:2.11.4]
)(”	at com.fasterxml.jackson.databind.deser.std.StdDeserializer.handleUnknownProperty(StdDeserializer.java:1212) ~[jackson-databind-2.11.4.jar:2.11.4]
)(š	at com.fasterxml.jackson.databind.deser.BeanDeserializerBase.handleUnknownProperty(BeanDeserializerBase.java:1604) ~[jackson-databind-2.11.4.jar:2.11.4]
)(™	at com.fasterxml.jackson.databind.deser.BeanDeserializerBase.handleUnknownVanilla(BeanDeserializerBase.java:1582) ~[jackson-databind-2.11.4.jar:2.11.4]
)(Ž	at com.fasterxml.jackson.databind.deser.BeanDeserializer.vanillaDeserialize(BeanDeserializer.java:299) ~[jackson-databind-2.11.4.jar:2.11.4]
)(‡	at com.fasterxml.jackson.databind.deser.BeanDeserializer.deserialize(BeanDeserializer.java:156) ~[jackson-databind-2.11.4.jar:2.11.4]
)(	at com.fasterxml.jackson.databind.ObjectMapper._readMapAndClose(ObjectMapper.java:4526) ~[jackson-databind-2.11.4.jar:2.11.4]
)(x	at com.fasterxml.jackson.databind.ObjectMapper.readValue(ObjectMapper.java:3468) ~[jackson-databind-2.11.4.jar:2.11.4]
)(x	at com.fasterxml.jackson.databind.ObjectMapper.readValue(ObjectMapper.java:3436) ~[jackson-databind-2.11.4.jar:2.11.4]
)(\	at com.intuit.home.common.RequestConverter.fromString(RequestConverter.java:48) ~[main/:?]
)(d	at com.intuit.home.common.RequestConverterTest.fromString(RequestConverterTest.java:39) ~[test/:?]
)(O	at sun.reflect.NativeMethodAccessorImpl.invoke0(Native Method) ~[?:1.8.0_201]
)(a	at sun.reflect.NativeMethodAccessorImpl.invoke(NativeMethodAccessorImpl.java:62) ~[?:1.8.0_201]
)(i	at sun.reflect.DelegatingMethodAccessorImpl.invoke(DelegatingMethodAccessorImpl.java:43) ~[?:1.8.0_201]
)(D	at java.lang.reflect.Method.invoke(Method.java:498) ~[?:1.8.0_201]
)(…	at org.junit.platform.commons.util.ReflectionUtils.invokeMethod(ReflectionUtils.java:688) ~[junit-platform-commons-1.7.1.jar:1.7.1]
)(‚	at org.junit.jupiter.engine.execution.MethodInvocation.proceed(MethodInvocation.java:60) ~[junit-jupiter-engine-5.7.1.jar:5.7.1]
)(¬	at org.junit.jupiter.engine.execution.InvocationInterceptorChain$ValidatingInvocation.proceed(InvocationInterceptorChain.java:131) ~[junit-jupiter-engine-5.7.1.jar:5.7.1]
)(…	at org.junit.jupiter.engine.extension.TimeoutExtension.intercept(TimeoutExtension.java:149) ~[junit-jupiter-engine-5.7.1.jar:5.7.1]
)(“	at org.junit.jupiter.engine.extension.TimeoutExtension.interceptTestableMethod(TimeoutExtension.java:140) ~[junit-jupiter-engine-5.7.1.jar:5.7.1]
)(Ž	at org.junit.jupiter.engine.extension.TimeoutExtension.interceptTestMethod(TimeoutExtension.java:84) ~[junit-jupiter-engine-5.7.1.jar:5.7.1]
)(­	at org.junit.jupiter.engine.execution.ExecutableInvoker$ReflectiveInterceptorCall.lambda$ofVoidMethod$0(ExecutableInvoker.java:115) ~[junit-jupiter-engine-5.7.1.jar:5.7.1]
)(	at org.junit.jupiter.engine.execution.ExecutableInvoker.lambda$invoke$0(ExecutableInvoker.java:105) ~[junit-jupiter-engine-5.7.1.jar:5.7.1]
)(­	at org.junit.jupiter.engine.execution.InvocationInterceptorChain$InterceptedInvocation.proceed(InvocationInterceptorChain.java:106) ~[junit-jupiter-engine-5.7.1.jar:5.7.1]
)(–	at org.junit.jupiter.engine.execution.InvocationInterceptorChain.proceed(InvocationInterceptorChain.java:64) ~[junit-jupiter-engine-5.7.1.jar:5.7.1]
)(	at org.junit.jupiter.engine.execution.InvocationInterceptorChain.chainAndInvoke(InvocationInterceptorChain.java:45) ~[junit-jupiter-engine-5.7.1.jar:5.7.1]
)(•	at org.junit.jupiter.engine.execution.InvocationInterceptorChain.invoke(InvocationInterceptorChain.java:37) ~[junit-jupiter-engine-5.7.1.jar:5.7.1]
)(„	at org.junit.jupiter.engine.execution.ExecutableInvoker.invoke(ExecutableInvoker.java:104) ~[junit-jupiter-engine-5.7.1.jar:5.7.1]
)(ƒ	at org.junit.jupiter.engine.execution.ExecutableInvoker.invoke(ExecutableInvoker.java:98) ~[junit-jupiter-engine-5.7.1.jar:5.7.1]
)(¦	at org.junit.jupiter.engine.descriptor.TestMethodTestDescriptor.lambda$invokeTestMethod$6(TestMethodTestDescriptor.java:210) ~[junit-jupiter-engine-5.7.1.jar:5.7.1]
)(“	at org.junit.platform.engine.support.hierarchical.ThrowableCollector.execute(ThrowableCollector.java:73) ~[junit-platform-engine-1.7.1.jar:1.7.1]
)(	at org.junit.jupiter.engine.descriptor.TestMethodTestDescriptor.invokeTestMethod(TestMethodTestDescriptor.java:206) ~[junit-jupiter-engine-5.7.1.jar:5.7.1]
)(”	at org.junit.jupiter.engine.descriptor.TestMethodTestDescriptor.execute(TestMethodTestDescriptor.java:131) ~[junit-jupiter-engine-5.7.1.jar:5.7.1]
)(“	at org.junit.jupiter.engine.descriptor.TestMethodTestDescriptor.execute(TestMethodTestDescriptor.java:65) ~[junit-jupiter-engine-5.7.1.jar:5.7.1]
)(œ	at org.junit.platform.engine.support.hierarchical.NodeTestTask.lambda$executeRecursively$5(NodeTestTask.java:139) ~[junit-platform-engine-1.7.1.jar:1.7.1]
)(“	at org.junit.platform.engine.support.hierarchical.ThrowableCollector.execute(ThrowableCollector.java:73) ~[junit-platform-engine-1.7.1.jar:1.7.1]
)(œ	at org.junit.platform.engine.support.hierarchical.NodeTestTask.lambda$executeRecursively$7(NodeTestTask.java:129) ~[junit-platform-engine-1.7.1.jar:1.7.1]
)(w	at org.junit.platform.engine.support.hierarchical.Node.around(Node.java:137) ~[junit-platform-engine-1.7.1.jar:1.7.1]
)(œ	at org.junit.platform.engine.support.hierarchical.NodeTestTask.lambda$executeRecursively$8(NodeTestTask.java:127) ~[junit-platform-engine-1.7.1.jar:1.7.1]
)(“	at org.junit.platform.engine.support.hierarchical.ThrowableCollector.execute(ThrowableCollector.java:73) ~[junit-platform-engine-1.7.1.jar:1.7.1]
)(“	at org.junit.platform.engine.support.hierarchical.NodeTestTask.executeRecursively(NodeTestTask.java:126) ~[junit-platform-engine-1.7.1.jar:1.7.1]
)(‡	at org.junit.platform.engine.support.hierarchical.NodeTestTask.execute(NodeTestTask.java:84) ~[junit-platform-engine-1.7.1.jar:1.7.1]
)(D	at java.util.ArrayList.forEach(ArrayList.java:1257) ~[?:1.8.0_201]
)(Ã	at org.junit.platform.engine.support.hierarchical.SameThreadHierarchicalTestExecutorService.invokeAll(SameThreadHierarchicalTestExecutorService.java:38) ~[junit-platform-engine-1.7.1.jar:1.7.1]
)(œ	at org.junit.platform.engine.support.hierarchical.NodeTestTask.lambda$executeRecursively$5(NodeTestTask.java:143) ~[junit-platform-engine-1.7.1.jar:1.7.1]
)(“	at org.junit.platform.engine.support.hierarchical.ThrowableCollector.execute(ThrowableCollector.java:73) ~[junit-platform-engine-1.7.1.jar:1.7.1]
)(œ	at org.junit.platform.engine.support.hierarchical.NodeTestTask.lambda$executeRecursively$7(NodeTestTask.java:129) ~[junit-platform-engine-1.7.1.jar:1.7.1]
)(w	at org.junit.platform.engine.support.hierarchical.Node.around(Node.java:137) ~[junit-platform-engine-1.7.1.jar:1.7.1]
)(œ	at org.junit.platform.engine.support.hierarchical.NodeTestTask.lambda$executeRecursively$8(NodeTestTask.java:127) ~[junit-platform-engine-1.7.1.jar:1.7.1]
)(“	at org.junit.platform.engine.support.hierarchical.ThrowableCollector.execute(ThrowableCollector.java:73) ~[junit-platform-engine-1.7.1.jar:1.7.1]
)(“	at org.junit.platform.engine.support.hierarchical.NodeTestTask.executeRecursively(NodeTestTask.java:126) ~[junit-platform-engine-1.7.1.jar:1.7.1]
)(‡	at org.junit.platform.engine.support.hierarchical.NodeTestTask.execute(NodeTestTask.java:84) ~[junit-platform-engine-1.7.1.jar:1.7.1]
)(D	at java.util.ArrayList.forEach(ArrayList.java:1257) ~[?:1.8.0_201]
)(Ã	at org.junit.platform.engine.support.hierarchical.SameThreadHierarchicalTestExecutorService.invokeAll(SameThreadHierarchicalTestExecutorService.java:38) ~[junit-platform-engine-1.7.1.jar:1.7.1]
)(œ	at org.junit.platform.engine.support.hierarchical.NodeTestTask.lambda$executeRecursively$5(NodeTestTask.java:143) ~[junit-platform-engine-1.7.1.jar:1.7.1]
)(“	at org.junit.platform.engine.support.hierarchical.ThrowableCollector.execute(ThrowableCollector.java:73) ~[junit-platform-engine-1.7.1.jar:1.7.1]
)(œ	at org.junit.platform.engine.support.hierarchical.NodeTestTask.lambda$executeRecursively$7(NodeTestTask.java:129) ~[junit-platform-engine-1.7.1.jar:1.7.1]
)(w	at org.junit.platform.engine.support.hierarchical.Node.around(Node.java:137) ~[junit-platform-engine-1.7.1.jar:1.7.1]
)(œ	at org.junit.platform.engine.support.hierarchical.NodeTestTask.lambda$executeRecursively$8(NodeTestTask.java:127) ~[junit-platform-engine-1.7.1.jar:1.7.1]
)(“	at org.junit.platform.engine.support.hierarchical.ThrowableCollector.execute(ThrowableCollector.java:73) ~[junit-platform-engine-1.7.1.jar:1.7.1]
)(“	at org.junit.platform.engine.support.hierarchical.NodeTestTask.executeRecursively(NodeTestTask.java:126) ~[junit-platform-engine-1.7.1.jar:1.7.1]
)(‡	at org.junit.platform.engine.support.hierarchical.NodeTestTask.execute(NodeTestTask.java:84) ~[junit-platform-engine-1.7.1.jar:1.7.1]
)(À	at org.junit.platform.engine.support.hierarchical.SameThreadHierarchicalTestExecutorService.submit(SameThreadHierarchicalTestExecutorService.java:32) ~[junit-platform-engine-1.7.1.jar:1.7.1]
)(Ÿ	at org.junit.platform.engine.support.hierarchical.HierarchicalTestExecutor.execute(HierarchicalTestExecutor.java:57) ~[junit-platform-engine-1.7.1.jar:1.7.1]
)(›	at org.junit.platform.engine.support.hierarchical.HierarchicalTestEngine.execute(HierarchicalTestEngine.java:51) ~[junit-platform-engine-1.7.1.jar:1.7.1]
)(š	at org.junit.platform.launcher.core.EngineExecutionOrchestrator.execute(EngineExecutionOrchestrator.java:108) ~[junit-platform-launcher-1.7.0.jar:1.7.0]
)(™	at org.junit.platform.launcher.core.EngineExecutionOrchestrator.execute(EngineExecutionOrchestrator.java:88) ~[junit-platform-launcher-1.7.0.jar:1.7.0]
)(¢	at org.junit.platform.launcher.core.EngineExecutionOrchestrator.lambda$execute$0(EngineExecutionOrchestrator.java:54) ~[junit-platform-launcher-1.7.0.jar:1.7.0]
)(§	at org.junit.platform.launcher.core.EngineExecutionOrchestrator.withInterceptedStreams(EngineExecutionOrchestrator.java:67) [junit-platform-launcher-1.7.0.jar:1.7.0]
)(˜	at org.junit.platform.launcher.core.EngineExecutionOrchestrator.execute(EngineExecutionOrchestrator.java:52) [junit-platform-launcher-1.7.0.jar:1.7.0]
)(€	at org.junit.platform.launcher.core.DefaultLauncher.execute(DefaultLauncher.java:96) [junit-platform-launcher-1.7.0.jar:1.7.0]
)(€	at org.junit.platform.launcher.core.DefaultLauncher.execute(DefaultLauncher.java:75) [junit-platform-launcher-1.7.0.jar:1.7.0]
)(á	at org.gradle.api.internal.tasks.testing.junitplatform.JUnitPlatformTestClassProcessor$CollectAllTestClassesExecutor.processAllTestClasses(JUnitPlatformTestClassProcessor.java:99) [gradle-testing-junit-platform-6.8.jar:6.8]
)(Ö	at org.gradle.api.internal.tasks.testing.junitplatform.JUnitPlatformTestClassProcessor$CollectAllTestClassesExecutor.access$000(JUnitPlatformTestClassProcessor.java:79) [gradle-testing-junit-platform-6.8.jar:6.8]
)(²	at org.gradle.api.internal.tasks.testing.junitplatform.JUnitPlatformTestClassProcessor.stop(JUnitPlatformTestClassProcessor.java:75) [gradle-testing-junit-platform-6.8.jar:6.8]
)(Š	at org.gradle.api.internal.tasks.testing.SuiteTestClassProcessor.stop(SuiteTestClassProcessor.java:61) [gradle-testing-base-6.8.jar:6.8]
)(O	at sun.reflect.NativeMethodAccessorImpl.invoke0(Native Method) ~[?:1.8.0_201]
)(a	at sun.reflect.NativeMethodAccessorImpl.invoke(NativeMethodAccessorImpl.java:62) ~[?:1.8.0_201]
)(i	at sun.reflect.DelegatingMethodAccessorImpl.invoke(DelegatingMethodAccessorImpl.java:43) ~[?:1.8.0_201]
)(D	at java.lang.reflect.Method.invoke(Method.java:498) ~[?:1.8.0_201]
)(x	at org.gradle.internal.dispatch.ReflectionDispatch.dispatch(ReflectionDispatch.java:36) [gradle-messaging-6.8.jar:6.8]
)(x	at org.gradle.internal.dispatch.ReflectionDispatch.dispatch(ReflectionDispatch.java:24) [gradle-messaging-6.8.jar:6.8]
)(ˆ	at org.gradle.internal.dispatch.ContextClassLoaderDispatch.dispatch(ContextClassLoaderDispatch.java:33) [gradle-messaging-6.8.jar:6.8]
)(—	at org.gradle.internal.dispatch.ProxyDispatchAdapter$DispatchingInvocationHandler.invoke(ProxyDispatchAdapter.java:94) [gradle-messaging-6.8.jar:6.8]
)(5	at com.sun.proxy.$Proxy2.stop(Unknown Source) [?:?]
)(x	at org.gradle.api.internal.tasks.testing.worker.TestWorker.stop(TestWorker.java:133) [gradle-testing-base-6.8.jar:6.8]
)(O	at sun.reflect.NativeMethodAccessorImpl.invoke0(Native Method) ~[?:1.8.0_201]
)(a	at sun.reflect.NativeMethodAccessorImpl.invoke(NativeMethodAccessorImpl.java:62) ~[?:1.8.0_201]
)(i	at sun.reflect.DelegatingMethodAccessorImpl.invoke(DelegatingMethodAccessorImpl.java:43) ~[?:1.8.0_201]
)(D	at java.lang.reflect.Method.invoke(Method.java:498) ~[?:1.8.0_201]
)(x	at org.gradle.internal.dispatch.ReflectionDispatch.dispatch(ReflectionDispatch.java:36) [gradle-messaging-6.8.jar:6.8]
)(x	at org.gradle.internal.dispatch.ReflectionDispatch.dispatch(ReflectionDispatch.java:24) [gradle-messaging-6.8.jar:6.8]
)(°	at org.gradle.internal.remote.internal.hub.MessageHubBackedObjectConnection$DispatchWrapper.dispatch(MessageHubBackedObjectConnection.java:182) [gradle-messaging-6.8.jar:6.8]
)(°	at org.gradle.internal.remote.internal.hub.MessageHubBackedObjectConnection$DispatchWrapper.dispatch(MessageHubBackedObjectConnection.java:164) [gradle-messaging-6.8.jar:6.8]
)(w	at org.gradle.internal.remote.internal.hub.MessageHub$Handler.run(MessageHub.java:414) [gradle-messaging-6.8.jar:6.8]
)(Ž	at org.gradle.internal.concurrent.ExecutorPolicy$CatchAndRecordFailures.onExecute(ExecutorPolicy.java:64) [gradle-base-services-6.8.jar:6.8]
)(}	at org.gradle.internal.concurrent.ManagedExecutorImpl$1.run(ManagedExecutorImpl.java:48) [gradle-base-services-6.8.jar:6.8]
)(b	at java.util.concurrent.ThreadPoolExecutor.runWorker(ThreadPoolExecutor.java:1149) [?:1.8.0_201]
)(b	at java.util.concurrent.ThreadPoolExecutor$Worker.run(ThreadPoolExecutor.java:624) [?:1.8.0_201]
)(	at org.gradle.internal.concurrent.ThreadFactoryImpl$ManagedThreadRunnable.run(ThreadFactoryImpl.java:56) [gradle-base-services-6.8.jar:6.8]
)(8	at java.lang.Thread.run(Thread.java:748) [?:1.8.0_201]
)*T14:32:22.410 [Test worker] ERROR com.intuit.home.common.RequestConverter - error {}
)*¦com.fasterxml.jackson.databind.exc.InvalidDefinitionException: No serializer found for class com.intuit.home.common.RequestConverterTest$ClassThatJacksonCannotSerialize and no properties discovered to create BeanSerializer (to avoid exception, disable SerializationFeature.FAIL_ON_EMPTY_BEANS)
)*‘	at com.fasterxml.jackson.databind.exc.InvalidDefinitionException.from(InvalidDefinitionException.java:77) ~[jackson-databind-2.11.4.jar:2.11.4]
)*Ž	at com.fasterxml.jackson.databind.SerializerProvider.reportBadDefinition(SerializerProvider.java:1277) ~[jackson-databind-2.11.4.jar:2.11.4]
)*‡	at com.fasterxml.jackson.databind.DatabindContext.reportBadDefinition(DatabindContext.java:400) ~[jackson-databind-2.11.4.jar:2.11.4]
)*Œ	at com.fasterxml.jackson.databind.ser.impl.UnknownSerializer.failForEmpty(UnknownSerializer.java:71) ~[jackson-databind-2.11.4.jar:2.11.4]
)*‰	at com.fasterxml.jackson.databind.ser.impl.UnknownSerializer.serialize(UnknownSerializer.java:33) ~[jackson-databind-2.11.4.jar:2.11.4]
)*–	at com.fasterxml.jackson.databind.ser.DefaultSerializerProvider._serialize(DefaultSerializerProvider.java:480) ~[jackson-databind-2.11.4.jar:2.11.4]
)*š	at com.fasterxml.jackson.databind.ser.DefaultSerializerProvider.serializeValue(DefaultSerializerProvider.java:319) ~[jackson-databind-2.11.4.jar:2.11.4]
)*‚	at com.fasterxml.jackson.databind.ObjectMapper._writeValueAndClose(ObjectMapper.java:4409) ~[jackson-databind-2.11.4.jar:2.11.4]
)*	at com.fasterxml.jackson.databind.ObjectMapper.writeValueAsString(ObjectMapper.java:3663) ~[jackson-databind-2.11.4.jar:2.11.4]
)*Z	at com.intuit.home.common.RequestConverter.toString(RequestConverter.java:31) ~[main/:?]
)*c	at com.intuit.home.common.RequestConverterTest.toString1(RequestConverterTest.java:24) ~[test/:?]
)*O	at sun.reflect.NativeMethodAccessorImpl.invoke0(Native Method) ~[?:1.8.0_201]
)*a	at sun.reflect.NativeMethodAccessorImpl.invoke(NativeMethodAccessorImpl.java:62) ~[?:1.8.0_201]
)*i	at sun.reflect.DelegatingMethodAccessorImpl.invoke(DelegatingMethodAccessorImpl.java:43) ~[?:1.8.0_201]
)*D	at java.lang.reflect.Method.invoke(Method.java:498) ~[?:1.8.0_201]
)*…	at org.junit.platform.commons.util.ReflectionUtils.invokeMethod(ReflectionUtils.java:688) ~[junit-platform-commons-1.7.1.jar:1.7.1]
)*‚	at org.junit.jupiter.engine.execution.MethodInvocation.proceed(MethodInvocation.java:60) ~[junit-jupiter-engine-5.7.1.jar:5.7.1]
)*¬	at org.junit.jupiter.engine.execution.InvocationInterceptorChain$ValidatingInvocation.proceed(InvocationInterceptorChain.java:131) ~[junit-jupiter-engine-5.7.1.jar:5.7.1]
)*…	at org.junit.jupiter.engine.extension.TimeoutExtension.intercept(TimeoutExtension.java:149) ~[junit-jupiter-engine-5.7.1.jar:5.7.1]
)*“	at org.junit.jupiter.engine.extension.TimeoutExtension.interceptTestableMethod(TimeoutExtension.java:140) ~[junit-jupiter-engine-5.7.1.jar:5.7.1]
)*Ž	at org.junit.jupiter.engine.extension.TimeoutExtension.interceptTestMethod(TimeoutExtension.java:84) ~[junit-jupiter-engine-5.7.1.jar:5.7.1]
)*­	at org.junit.jupiter.engine.execution.ExecutableInvoker$ReflectiveInterceptorCall.lambda$ofVoidMethod$0(ExecutableInvoker.java:115) ~[junit-jupiter-engine-5.7.1.jar:5.7.1]
)*	at org.junit.jupiter.engine.execution.ExecutableInvoker.lambda$invoke$0(ExecutableInvoker.java:105) ~[junit-jupiter-engine-5.7.1.jar:5.7.1]
)*­	at org.junit.jupiter.engine.execution.InvocationInterceptorChain$InterceptedInvocation.proceed(InvocationInterceptorChain.java:106) ~[junit-jupiter-engine-5.7.1.jar:5.7.1]
)*–	at org.junit.jupiter.engine.execution.InvocationInterceptorChain.proceed(InvocationInterceptorChain.java:64) ~[junit-jupiter-engine-5.7.1.jar:5.7.1]
)*	at org.junit.jupiter.engine.execution.InvocationInterceptorChain.chainAndInvoke(InvocationInterceptorChain.java:45) ~[junit-jupiter-engine-5.7.1.jar:5.7.1]
)*•	at org.junit.jupiter.engine.execution.InvocationInterceptorChain.invoke(InvocationInterceptorChain.java:37) ~[junit-jupiter-engine-5.7.1.jar:5.7.1]
)*„	at org.junit.jupiter.engine.execution.ExecutableInvoker.invoke(ExecutableInvoker.java:104) ~[junit-jupiter-engine-5.7.1.jar:5.7.1]
)*ƒ	at org.junit.jupiter.engine.execution.ExecutableInvoker.invoke(ExecutableInvoker.java:98) ~[junit-jupiter-engine-5.7.1.jar:5.7.1]
)*¦	at org.junit.jupiter.engine.descriptor.TestMethodTestDescriptor.lambda$invokeTestMethod$6(TestMethodTestDescriptor.java:210) ~[junit-jupiter-engine-5.7.1.jar:5.7.1]
)*“	at org.junit.platform.engine.support.hierarchical.ThrowableCollector.execute(ThrowableCollector.java:73) ~[junit-platform-engine-1.7.1.jar:1.7.1]
)*	at org.junit.jupiter.engine.descriptor.TestMethodTestDescriptor.invokeTestMethod(TestMethodTestDescriptor.java:206) ~[junit-jupiter-engine-5.7.1.jar:5.7.1]
)*”	at org.junit.jupiter.engine.descriptor.TestMethodTestDescriptor.execute(TestMethodTestDescriptor.java:131) ~[junit-jupiter-engine-5.7.1.jar:5.7.1]
)*“	at org.junit.jupiter.engine.descriptor.TestMethodTestDescriptor.execute(TestMethodTestDescriptor.java:65) ~[junit-jupiter-engine-5.7.1.jar:5.7.1]
)*œ	at org.junit.platform.engine.support.hierarchical.NodeTestTask.lambda$executeRecursively$5(NodeTestTask.java:139) ~[junit-platform-engine-1.7.1.jar:1.7.1]
)*“	at org.junit.platform.engine.support.hierarchical.ThrowableCollector.execute(ThrowableCollector.java:73) ~[junit-platform-engine-1.7.1.jar:1.7.1]
)*œ	at org.junit.platform.engine.support.hierarchical.NodeTestTask.lambda$executeRecursively$7(NodeTestTask.java:129) ~[junit-platform-engine-1.7.1.jar:1.7.1]
)*w	at org.junit.platform.engine.support.hierarchical.Node.around(Node.java:137) ~[junit-platform-engine-1.7.1.jar:1.7.1]
)*œ	at org.junit.platform.engine.support.hierarchical.NodeTestTask.lambda$executeRecursively$8(NodeTestTask.java:127) ~[junit-platform-engine-1.7.1.jar:1.7.1]
)*“	at org.junit.platform.engine.support.hierarchical.ThrowableCollector.execute(ThrowableCollector.java:73) ~[junit-platform-engine-1.7.1.jar:1.7.1]
)*“	at org.junit.platform.engine.support.hierarchical.NodeTestTask.executeRecursively(NodeTestTask.java:126) ~[junit-platform-engine-1.7.1.jar:1.7.1]
)*‡	at org.junit.platform.engine.support.hierarchical.NodeTestTask.execute(NodeTestTask.java:84) ~[junit-platform-engine-1.7.1.jar:1.7.1]
)*D	at java.util.ArrayList.forEach(ArrayList.java:1257) ~[?:1.8.0_201]
)*Ã	at org.junit.platform.engine.support.hierarchical.SameThreadHierarchicalTestExecutorService.invokeAll(SameThreadHierarchicalTestExecutorService.java:38) ~[junit-platform-engine-1.7.1.jar:1.7.1]
)*œ	at org.junit.platform.engine.support.hierarchical.NodeTestTask.lambda$executeRecursively$5(NodeTestTask.java:143) ~[junit-platform-engine-1.7.1.jar:1.7.1]
)*“	at org.junit.platform.engine.support.hierarchical.ThrowableCollector.execute(ThrowableCollector.java:73) ~[junit-platform-engine-1.7.1.jar:1.7.1]
)*œ	at org.junit.platform.engine.support.hierarchical.NodeTestTask.lambda$executeRecursively$7(NodeTestTask.java:129) ~[junit-platform-engine-1.7.1.jar:1.7.1]
)*w	at org.junit.platform.engine.support.hierarchical.Node.around(Node.java:137) ~[junit-platform-engine-1.7.1.jar:1.7.1]
)*œ	at org.junit.platform.engine.support.hierarchical.NodeTestTask.lambda$executeRecursively$8(NodeTestTask.java:127) ~[junit-platform-engine-1.7.1.jar:1.7.1]
)*“	at org.junit.platform.engine.support.hierarchical.ThrowableCollector.execute(ThrowableCollector.java:73) ~[junit-platform-engine-1.7.1.jar:1.7.1]
)*“	at org.junit.platform.engine.support.hierarchical.NodeTestTask.executeRecursively(NodeTestTask.java:126) ~[junit-platform-engine-1.7.1.jar:1.7.1]
)*‡	at org.junit.platform.engine.support.hierarchical.NodeTestTask.execute(NodeTestTask.java:84) ~[junit-platform-engine-1.7.1.jar:1.7.1]
)*D	at java.util.ArrayList.forEach(ArrayList.java:1257) ~[?:1.8.0_201]
)*Ã	at org.junit.platform.engine.support.hierarchical.SameThreadHierarchicalTestExecutorService.invokeAll(SameThreadHierarchicalTestExecutorService.java:38) ~[junit-platform-engine-1.7.1.jar:1.7.1]
)*œ	at org.junit.platform.engine.support.hierarchical.NodeTestTask.lambda$executeRecursively$5(NodeTestTask.java:143) ~[junit-platform-engine-1.7.1.jar:1.7.1]
)*“	at org.junit.platform.engine.support.hierarchical.ThrowableCollector.execute(ThrowableCollector.java:73) ~[junit-platform-engine-1.7.1.jar:1.7.1]
)*œ	at org.junit.platform.engine.support.hierarchical.NodeTestTask.lambda$executeRecursively$7(NodeTestTask.java:129) ~[junit-platform-engine-1.7.1.jar:1.7.1]
)*w	at org.junit.platform.engine.support.hierarchical.Node.around(Node.java:137) ~[junit-platform-engine-1.7.1.jar:1.7.1]
)*œ	at org.junit.platform.engine.support.hierarchical.NodeTestTask.lambda$executeRecursively$8(NodeTestTask.java:127) ~[junit-platform-engine-1.7.1.jar:1.7.1]
)*“	at org.junit.platform.engine.support.hierarchical.ThrowableCollector.execute(ThrowableCollector.java:73) ~[junit-platform-engine-1.7.1.jar:1.7.1]
)*“	at org.junit.platform.engine.support.hierarchical.NodeTestTask.executeRecursively(NodeTestTask.java:126) ~[junit-platform-engine-1.7.1.jar:1.7.1]
)*‡	at org.junit.platform.engine.support.hierarchical.NodeTestTask.execute(NodeTestTask.java:84) ~[junit-platform-engine-1.7.1.jar:1.7.1]
)*À	at org.junit.platform.engine.support.hierarchical.SameThreadHierarchicalTestExecutorService.submit(SameThreadHierarchicalTestExecutorService.java:32) ~[junit-platform-engine-1.7.1.jar:1.7.1]
)*Ÿ	at org.junit.platform.engine.support.hierarchical.HierarchicalTestExecutor.execute(HierarchicalTestExecutor.java:57) ~[junit-platform-engine-1.7.1.jar:1.7.1]
)*›	at org.junit.platform.engine.support.hierarchical.HierarchicalTestEngine.execute(HierarchicalTestEngine.java:51) ~[junit-platform-engine-1.7.1.jar:1.7.1]
)*š	at org.junit.platform.launcher.core.EngineExecutionOrchestrator.execute(EngineExecutionOrchestrator.java:108) ~[junit-platform-launcher-1.7.0.jar:1.7.0]
)*™	at org.junit.platform.launcher.core.EngineExecutionOrchestrator.execute(EngineExecutionOrchestrator.java:88) ~[junit-platform-launcher-1.7.0.jar:1.7.0]
)*¢	at org.junit.platform.launcher.core.EngineExecutionOrchestrator.lambda$execute$0(EngineExecutionOrchestrator.java:54) ~[junit-platform-launcher-1.7.0.jar:1.7.0]
)*§	at org.junit.platform.launcher.core.EngineExecutionOrchestrator.withInterceptedStreams(EngineExecutionOrchestrator.java:67) [junit-platform-launcher-1.7.0.jar:1.7.0]
)*˜	at org.junit.platform.launcher.core.EngineExecutionOrchestrator.execute(EngineExecutionOrchestrator.java:52) [junit-platform-launcher-1.7.0.jar:1.7.0]
)*€	at org.junit.platform.launcher.core.DefaultLauncher.execute(DefaultLauncher.java:96) [junit-platform-launcher-1.7.0.jar:1.7.0]
)*€	at org.junit.platform.launcher.core.DefaultLauncher.execute(DefaultLauncher.java:75) [junit-platform-launcher-1.7.0.jar:1.7.0]
)*á	at org.gradle.api.internal.tasks.testing.junitplatform.JUnitPlatformTestClassProcessor$CollectAllTestClassesExecutor.processAllTestClasses(JUnitPlatformTestClassProcessor.java:99) [gradle-testing-junit-platform-6.8.jar:6.8]
)*Ö	at org.gradle.api.internal.tasks.testing.junitplatform.JUnitPlatformTestClassProcessor$CollectAllTestClassesExecutor.access$000(JUnitPlatformTestClassProcessor.java:79) [gradle-testing-junit-platform-6.8.jar:6.8]
)*²	at org.gradle.api.internal.tasks.testing.junitplatform.JUnitPlatformTestClassProcessor.stop(JUnitPlatformTestClassProcessor.java:75) [gradle-testing-junit-platform-6.8.jar:6.8]
)*Š	at org.gradle.api.internal.tasks.testing.SuiteTestClassProcessor.stop(SuiteTestClassProcessor.java:61) [gradle-testing-base-6.8.jar:6.8]
)*O	at sun.reflect.NativeMethodAccessorImpl.invoke0(Native Method) ~[?:1.8.0_201]
)*a	at sun.reflect.NativeMethodAccessorImpl.invoke(NativeMethodAccessorImpl.java:62) ~[?:1.8.0_201]
)*i	at sun.reflect.DelegatingMethodAccessorImpl.invoke(DelegatingMethodAccessorImpl.java:43) ~[?:1.8.0_201]
)*D	at java.lang.reflect.Method.invoke(Method.java:498) ~[?:1.8.0_201]
)*x	at org.gradle.internal.dispatch.ReflectionDispatch.dispatch(ReflectionDispatch.java:36) [gradle-messaging-6.8.jar:6.8]
)*x	at org.gradle.internal.dispatch.ReflectionDispatch.dispatch(ReflectionDispatch.java:24) [gradle-messaging-6.8.jar:6.8]
)*ˆ	at org.gradle.internal.dispatch.ContextClassLoaderDispatch.dispatch(ContextClassLoaderDispatch.java:33) [gradle-messaging-6.8.jar:6.8]
)*—	at org.gradle.internal.dispatch.ProxyDispatchAdapter$DispatchingInvocationHandler.invoke(ProxyDispatchAdapter.java:94) [gradle-messaging-6.8.jar:6.8]
)*5	at com.sun.proxy.$Proxy2.stop(Unknown Source) [?:?]
)*x	at org.gradle.api.internal.tasks.testing.worker.TestWorker.stop(TestWorker.java:133) [gradle-testing-base-6.8.jar:6.8]
)*O	at sun.reflect.NativeMethodAccessorImpl.invoke0(Native Method) ~[?:1.8.0_201]
)*a	at sun.reflect.NativeMethodAccessorImpl.invoke(NativeMethodAccessorImpl.java:62) ~[?:1.8.0_201]
)*i	at sun.reflect.DelegatingMethodAccessorImpl.invoke(DelegatingMethodAccessorImpl.java:43) ~[?:1.8.0_201]
)*D	at java.lang.reflect.Method.invoke(Method.java:498) ~[?:1.8.0_201]
)*x	at org.gradle.internal.dispatch.ReflectionDispatch.dispatch(ReflectionDispatch.java:36) [gradle-messaging-6.8.jar:6.8]
)*x	at org.gradle.internal.dispatch.ReflectionDispatch.dispatch(ReflectionDispatch.java:24) [gradle-messaging-6.8.jar:6.8]
)*°	at org.gradle.internal.remote.internal.hub.MessageHubBackedObjectConnection$DispatchWrapper.dispatch(MessageHubBackedObjectConnection.java:182) [gradle-messaging-6.8.jar:6.8]
)*°	at org.gradle.internal.remote.internal.hub.MessageHubBackedObjectConnection$DispatchWrapper.dispatch(MessageHubBackedObjectConnection.java:164) [gradle-messaging-6.8.jar:6.8]
)*w	at org.gradle.internal.remote.internal.hub.MessageHub$Handler.run(MessageHub.java:414) [gradle-messaging-6.8.jar:6.8]
)*Ž	at org.gradle.internal.concurrent.ExecutorPolicy$CatchAndRecordFailures.onExecute(ExecutorPolicy.java:64) [gradle-base-services-6.8.jar:6.8]
)*}	at org.gradle.internal.concurrent.ManagedExecutorImpl$1.run(ManagedExecutorImpl.java:48) [gradle-base-services-6.8.jar:6.8]
)*b	at java.util.concurrent.ThreadPoolExecutor.runWorker(ThreadPoolExecutor.java:1149) [?:1.8.0_201]
)*b	at java.util.concurrent.ThreadPoolExecutor$Worker.run(ThreadPoolExecutor.java:624) [?:1.8.0_201]
)*	at org.gradle.internal.concurrent.ThreadFactoryImpl$ManagedThreadRunnable.run(ThreadFactoryImpl.java:56) [gradle-base-services-6.8.jar:6.8]
)*8	at java.lang.Thread.run(Thread.java:748) [?:1.8.0_201]
?>
?>
?>
?>
?>‹BBBBBBBBBBBBBBBBB                  AAA               YYYYYYY       YYYYYYYBBBBBBBBBBBBBBBBB                  AAA               LLLLLLLLLLL
?>‹B::::::::::::::::B                A:::A              Y:::::Y       Y:::::YB::::::::::::::::B                A:::A              L:::::::::L
?>‹B::::::BBBBBB:::::B              A:::::A             Y:::::Y       Y:::::YB::::::BBBBBB:::::B              A:::::A             L:::::::::L
?>‹BB:::::B     B:::::B            A:::::::A            Y::::::Y     Y::::::YBB:::::B     B:::::B            A:::::::A            LL:::::::LL
?>‰  B::::B     B:::::B           A:::::::::A           YYY:::::Y   Y:::::YYY  B::::B     B:::::B           A:::::::::A             L:::::L
?>‰  B::::B     B:::::B          A:::::A:::::A             Y:::::Y Y:::::Y     B::::B     B:::::B          A:::::A:::::A            L:::::L
?>‰  B::::BBBBBB:::::B          A:::::A A:::::A             Y:::::Y:::::Y      B::::BBBBBB:::::B          A:::::A A:::::A           L:::::L
?>‰  B:::::::::::::BB          A:::::A   A:::::A             Y:::::::::Y       B:::::::::::::BB          A:::::A   A:::::A          L:::::L
?>‰  B::::BBBBBB:::::B        A:::::A     A:::::A             Y:::::::Y        B::::BBBBBB:::::B        A:::::A     A:::::A         L:::::L
?>‰  B::::B     B:::::B      A:::::AAAAAAAAA:::::A             Y:::::Y         B::::B     B:::::B      A:::::AAAAAAAAA:::::A        L:::::L
?>‰  B::::B     B:::::B     A:::::::::::::::::::::A            Y:::::Y         B::::B     B:::::B     A:::::::::::::::::::::A       L:::::L
?>˜  B::::B     B:::::B    A:::::AAAAAAAAAAAAA:::::A           Y:::::Y         B::::B     B:::::B    A:::::AAAAAAAAAAAAA:::::A      L:::::L         LLLLLL
?>˜BB:::::BBBBBB::::::B   A:::::A             A:::::A          Y:::::Y       BB:::::BBBBBB::::::B   A:::::A             A:::::A   LL:::::::LLLLLLLLL:::::L
?>˜B:::::::::::::::::B   A:::::A               A:::::A      YYYY:::::YYYY    B:::::::::::::::::B   A:::::A               A:::::A  L::::::::::::::::::::::L
?>˜B::::::::::::::::B   A:::::A                 A:::::A     Y:::::::::::Y    B::::::::::::::::B   A:::::A                 A:::::A L::::::::::::::::::::::L
?>˜BBBBBBBBBBBBBBBBB   AAAAAAA                   AAAAAAA    YYYYYYYYYYYYY    BBBBBBBBBBBBBBBBB   AAAAAAA                   AAAAAAALLLLLLLLLLLLLLLLLLLLLLLL
?>
?> _____   _____  _  _  _ _______  ______ _____ __   _  ______       _____   ______  _____  _______  _____  _______  ______ _____ _______ __   __
?> |_____] |     | |  |  | |______ |_____/   |   | \  | |  ____      |_____] |_____/ |     | |______ |_____] |______ |_____/   |      |      \_/
?>Ž |       |_____| |__|__| |______ |    \_ __|__ |  \_| |_____|      |       |    \_ |_____| ______| |       |______ |    \_ __|__    |       |
?>
?>
?>x _______  ______  _____  _     _ __   _ ______       _______ _     _ _______      _  _  _  _____   ______        ______
?>y |_____| |_____/ |     | |     | | \  | |     \         |    |_____| |______      |  |  | |     | |_____/ |      |     \
?>y |     | |    \_ |_____| |_____| |  \_| |_____/         |    |     | |______      |__|__| |_____| |    \_ |_____ |_____/
?>
?>
?>
?>ç2021-02-28 14:32:27.960  INFO 11748 --- [    Test worker] c.i.h.BayBalMain                         : Starting BayBalMain using Java 1.8.0_201 on oleg-vb-bionic with PID 11748 (started by oleg in /home/oleg/Downloads/intuit/baybal)
?>”2021-02-28 14:32:27.969 DEBUG 11748 --- [    Test worker] c.i.h.BayBalMain                         : Running with Spring Boot v2.4.3, Spring v5.3.4
?>¦2021-02-28 14:32:27.971  INFO 11748 --- [    Test worker] c.i.h.BayBalMain                         : No active profile set, falling back to default profiles: default
?>¡2021-02-28 14:32:30.164  INFO 11748 --- [    Test worker] .s.d.r.c.RepositoryConfigurationDelegate : Bootstrapping Spring Data JPA repositories in DEFAULT mode.
?>¼2021-02-28 14:32:30.302  INFO 11748 --- [    Test worker] .s.d.r.c.RepositoryConfigurationDelegate : Finished Spring Data repository scanning in 115 ms. Found 4 JPA repository interfaces.
?>Á2021-02-28 14:32:31.755  WARN 11748 --- [    Test worker] i.u.w.jsr                                : UT026010: Buffer pool was not set on WebSocketDeploymentInfo, the default pool will be used
?>˜2021-02-28 14:32:31.829  INFO 11748 --- [    Test worker] i.u.servlet                              : Initializing Spring embedded WebApplicationContext
?>¥2021-02-28 14:32:31.829  INFO 11748 --- [    Test worker] w.s.c.ServletWebServerApplicationContext : Root WebApplicationContext: initialization completed in 3746 ms
?>€2021-02-28 14:32:32.297  INFO 11748 --- [    Test worker] c.z.h.HikariDataSource                   : HikariPool-1 - Starting...
?>…2021-02-28 14:32:33.359  INFO 11748 --- [    Test worker] c.z.h.HikariDataSource                   : HikariPool-1 - Start completed.
?>©2021-02-28 14:32:35.545  INFO 11748 --- [    Test worker] j.LocalContainerEntityManagerFactoryBean : Initialized JPA EntityManagerFactory for persistence unit 'default'
?>2021-02-28 14:32:36.962  WARN 11748 --- [    Test worker] JpaBaseConfiguration$JpaWebConfiguration : spring.jpa.open-in-view is enabled by default. Therefore, database queries may be performed during view rendering. Explicitly configure spring.jpa.open-in-view to disable this warning
?>œ2021-02-28 14:32:37.223  INFO 11748 --- [    Test worker] o.s.s.c.ThreadPoolTaskExecutor           : Initializing ExecutorService 'applicationTaskExecutor'
?>€2021-02-28 14:32:39.815  INFO 11748 --- [    Test worker] o.a.k.c.a.AdminClientConfig              : AdminClientConfig values: 
?>'	bootstrap.servers = [172.17.0.2:9092]
?>%	client.dns.lookup = use_all_dns_ips
?>	client.id = 
?>"	connections.max.idle.ms = 300000
?> 	default.api.timeout.ms = 60000
?>	metadata.max.age.ms = 300000
?>	metric.reporters = []
?>	metrics.num.samples = 2
?> 	metrics.recording.level = INFO
?>"	metrics.sample.window.ms = 30000
?>	receive.buffer.bytes = 65536
?>!	reconnect.backoff.max.ms = 1000
?>	reconnect.backoff.ms = 50
?>	request.timeout.ms = 30000
?>	retries = 2147483647
?>	retry.backoff.ms = 100
?>+	sasl.client.callback.handler.class = null
?>	sasl.jaas.config = null
?>*	sasl.kerberos.kinit.cmd = /usr/bin/kinit
?>/	sasl.kerberos.min.time.before.relogin = 60000
?>#	sasl.kerberos.service.name = null
?>*	sasl.kerberos.ticket.renew.jitter = 0.05
?>0	sasl.kerberos.ticket.renew.window.factor = 0.8
?>*	sasl.login.callback.handler.class = null
?>	sasl.login.class = null
?>)	sasl.login.refresh.buffer.seconds = 300
?>,	sasl.login.refresh.min.period.seconds = 60
?>(	sasl.login.refresh.window.factor = 0.8
?>)	sasl.login.refresh.window.jitter = 0.05
?>	sasl.mechanism = GSSAPI
?>	security.protocol = PLAINTEXT
?>	security.providers = null
?>	send.buffer.bytes = 131072
?>	ssl.cipher.suites = null
?>#	ssl.enabled.protocols = [TLSv1.2]
?>/	ssl.endpoint.identification.algorithm = https
?>!	ssl.engine.factory.class = null
?>	ssl.key.password = null
?>$	ssl.keymanager.algorithm = SunX509
?>	ssl.keystore.location = null
?>	ssl.keystore.password = null
?>	ssl.keystore.type = JKS
?>	ssl.protocol = TLSv1.2
?>	ssl.provider = null
?>)	ssl.secure.random.implementation = null
?>#	ssl.trustmanager.algorithm = PKIX
?> 	ssl.truststore.location = null
?> 	ssl.truststore.password = null
?>	ssl.truststore.type = JKS
?>
?>z2021-02-28 14:32:39.904  INFO 11748 --- [    Test worker] o.a.k.c.u.AppInfoParser                  : Kafka version: 2.6.0
?>†2021-02-28 14:32:39.905  INFO 11748 --- [    Test worker] o.a.k.c.u.AppInfoParser                  : Kafka commitId: 62abe01bee039651
?>†2021-02-28 14:32:39.905  INFO 11748 --- [    Test worker] o.a.k.c.u.AppInfoParser                  : Kafka startTimeMs: 1614515559904
?>}2021-02-28 14:32:40.114  INFO 11748 --- [    Test worker] o.a.k.c.c.ConsumerConfig                 : ConsumerConfig values: 
?>!	allow.auto.create.topics = true
?> 	auto.commit.interval.ms = 5000
?>	auto.offset.reset = latest
?>&	bootstrap.servers = [localhost:9092]
?>	check.crcs = true
?>%	client.dns.lookup = use_all_dns_ips
?>'	client.id = consumer-payments_group-1
?>	client.rack = 
?>"	connections.max.idle.ms = 540000
?> 	default.api.timeout.ms = 60000
?>	enable.auto.commit = false
?> 	exclude.internal.topics = true
?>	fetch.max.bytes = 52428800
?>	fetch.max.wait.ms = 500
?>	fetch.min.bytes = 1
?>	group.id = payments_group
?>	group.instance.id = null
?>	heartbeat.interval.ms = 3000
?>	interceptor.classes = []
?>&	internal.leave.group.on.close = true
?>;	internal.throw.on.fetch.stable.offset.unsupported = false
?>$	isolation.level = read_uncommitted
?>S	key.deserializer = class org.apache.kafka.common.serialization.StringDeserializer
?>%	max.partition.fetch.bytes = 1048576
?>	max.poll.interval.ms = 300000
?>	max.poll.records = 500
?>	metadata.max.age.ms = 300000
?>	metric.reporters = []
?>	metrics.num.samples = 2
?> 	metrics.recording.level = INFO
?>"	metrics.sample.window.ms = 30000
?>Y	partition.assignment.strategy = [class org.apache.kafka.clients.consumer.RangeAssignor]
?>	receive.buffer.bytes = 65536
?>!	reconnect.backoff.max.ms = 1000
?>	reconnect.backoff.ms = 50
?>	request.timeout.ms = 30000
?>	retry.backoff.ms = 100
?>+	sasl.client.callback.handler.class = null
?>	sasl.jaas.config = null
?>*	sasl.kerberos.kinit.cmd = /usr/bin/kinit
?>/	sasl.kerberos.min.time.before.relogin = 60000
?>#	sasl.kerberos.service.name = null
?>*	sasl.kerberos.ticket.renew.jitter = 0.05
?>0	sasl.kerberos.ticket.renew.window.factor = 0.8
?>*	sasl.login.callback.handler.class = null
?>	sasl.login.class = null
?>)	sasl.login.refresh.buffer.seconds = 300
?>,	sasl.login.refresh.min.period.seconds = 60
?>(	sasl.login.refresh.window.factor = 0.8
?>)	sasl.login.refresh.window.jitter = 0.05
?>	sasl.mechanism = GSSAPI
?>	security.protocol = PLAINTEXT
?>	security.providers = null
?>	send.buffer.bytes = 131072
?>	session.timeout.ms = 10000
?>	ssl.cipher.suites = null
?>#	ssl.enabled.protocols = [TLSv1.2]
?>/	ssl.endpoint.identification.algorithm = https
?>!	ssl.engine.factory.class = null
?>	ssl.key.password = null
?>$	ssl.keymanager.algorithm = SunX509
?>	ssl.keystore.location = null
?>	ssl.keystore.password = null
?>	ssl.keystore.type = JKS
?>	ssl.protocol = TLSv1.2
?>	ssl.provider = null
?>)	ssl.secure.random.implementation = null
?>#	ssl.trustmanager.algorithm = PKIX
?> 	ssl.truststore.location = null
?> 	ssl.truststore.password = null
?>	ssl.truststore.type = JKS
?>U	value.deserializer = class org.apache.kafka.common.serialization.StringDeserializer
?>
?>z2021-02-28 14:32:40.227  INFO 11748 --- [    Test worker] o.a.k.c.u.AppInfoParser                  : Kafka version: 2.6.0
?>†2021-02-28 14:32:40.228  INFO 11748 --- [    Test worker] o.a.k.c.u.AppInfoParser                  : Kafka commitId: 62abe01bee039651
?>†2021-02-28 14:32:40.228  INFO 11748 --- [    Test worker] o.a.k.c.u.AppInfoParser                  : Kafka startTimeMs: 1614515560227
?>Ò2021-02-28 14:32:40.232  INFO 11748 --- [    Test worker] o.a.k.c.c.KafkaConsumer                  : [Consumer clientId=consumer-payments_group-1, groupId=payments_group] Subscribed to topic(s): payment-result
?>‚2021-02-28 14:32:40.248  INFO 11748 --- [    Test worker] o.s.s.c.ThreadPoolTaskScheduler          : Initializing ExecutorService
?>‹2021-02-28 14:32:40.265 DEBUG 11748 --- [    Test worker] o.s.w.f.CommonsRequestLoggingFilter      : Filter 'logFilter' configured for use
?>2021-02-28 14:32:40.276  INFO 11748 --- [    Test worker] i.undertow                               : starting server: Undertow - 2.2.4.Final
?>~2021-02-28 14:32:40.306  INFO 11748 --- [    Test worker] o.xnio                                   : XNIO version 3.8.0.Final
?>Î2021-02-28 14:32:40.308  INFO 11748 --- [ntainer#0-0-C-1] o.a.k.c.Metadata                         : [Consumer clientId=consumer-payments_group-1, groupId=payments_group] Cluster ID: VaHL4tLsR_2A_9VkLfJCmg
?>ô2021-02-28 14:32:40.316  INFO 11748 --- [ntainer#0-0-C-1] o.a.k.c.c.i.AbstractCoordinator          : [Consumer clientId=consumer-payments_group-1, groupId=payments_group] Discovered group coordinator 172.17.0.2:9092 (id: 2147483647 rack: null)
?>¾2021-02-28 14:32:40.330  INFO 11748 --- [ntainer#0-0-C-1] o.a.k.c.c.i.AbstractCoordinator          : [Consumer clientId=consumer-payments_group-1, groupId=payments_group] (Re-)joining group
?>‘2021-02-28 14:32:40.332  INFO 11748 --- [    Test worker] o.x.nio                                  : XNIO NIO Implementation Version 3.8.0.Final
?>Ø2021-02-28 14:32:40.421  INFO 11748 --- [ntainer#0-0-C-1] o.a.k.c.c.i.AbstractCoordinator          : [Consumer clientId=consumer-payments_group-1, groupId=payments_group] Join group failed with org.apache.kafka.common.errors.MemberIdRequiredException: The group member needs to have a valid member id before actually entering a consumer group.
?>¾2021-02-28 14:32:40.422  INFO 11748 --- [ntainer#0-0-C-1] o.a.k.c.c.i.AbstractCoordinator          : [Consumer clientId=consumer-payments_group-1, groupId=payments_group] (Re-)joining group
?>‡2021-02-28 14:32:40.459  INFO 11748 --- [    Test worker] o.j.threads                              : JBoss Threads version 3.1.0.Final
?>2021-02-28 14:32:40.581  INFO 11748 --- [    Test worker] o.s.b.w.e.u.UndertowWebServer            : Undertow started on port(s) 6767 (http)
?>£2021-02-28 14:32:40.605  INFO 11748 --- [    Test worker] c.i.h.BayBalMain                         : Started BayBalMain in 14.322 seconds (JVM running for 22.754)
?>‰2021-02-28 14:32:40.612  INFO 11748 --- [    Test worker] c.i.h.BayBalMain                         : com.intuit.home.BayBalMain started.
AG»{"amount":70.6,"currency":"CAD","userId":"81d0ce8a-9dfb-4a3b-9bfd-7f1458671534","payeeId":"51b2e575-4e75-4089-9e2c-ac6c37aa88c2","paymentMethodId":"29962747-059d-45e4-acaf-a494d0a5e829"}
